<?xml version="1.0" encoding="UTF-8"?>
<!-- Generated by org.testng.reporters.JUnitXMLReporter -->
<testsuite ignored="0" hostname="NEWNODE64" failures="0" tests="4" name="Command line test" time="0.059" errors="0" timestamp="2022-07-26T16:11:19 IST">
  <testcase classname="qaclickacademy.AppiumTest" name="booster" time="0.007"/>
  <testcase classname="qaclickacademy.AppiumTest" name="booster1" time="0.001"/>
  <testcase classname="qaclickacademy.RestAssuredTest" name="Retro1" time="0.0"/>
  <testcase classname="qaclickacademy.SeleniumTest" name="Retro" time="0.0"/>
</testsuite> <!-- Command line test -->
