<?xml version="1.0" encoding="UTF-8"?>
<testng-results ignored="0" total="4" passed="4" failed="0" skipped="0">
  <reporter-output>
  </reporter-output>
  <suite started-at="2022-07-26T16:11:19 IST" name="Command line suite" finished-at="2022-07-26T16:11:19 IST" duration-ms="59">
    <groups>
    </groups>
    <test started-at="2022-07-26T16:11:19 IST" name="Command line test" finished-at="2022-07-26T16:11:19 IST" duration-ms="59">
      <class name="qaclickacademy.AppiumTest">
        <test-method signature="booster()[pri:0, instance:qaclickacademy.AppiumTest@49438269]" started-at="2022-07-26T16:11:19 IST" name="booster" finished-at="2022-07-26T16:11:19 IST" duration-ms="7" status="PASS">
          <reporter-output>
          </reporter-output>
        </test-method> <!-- booster -->
        <test-method signature="booster1()[pri:0, instance:qaclickacademy.AppiumTest@49438269]" started-at="2022-07-26T16:11:19 IST" name="booster1" finished-at="2022-07-26T16:11:19 IST" duration-ms="1" status="PASS">
          <reporter-output>
          </reporter-output>
        </test-method> <!-- booster1 -->
      </class> <!-- qaclickacademy.AppiumTest -->
      <class name="qaclickacademy.RestAssuredTest">
        <test-method signature="Retro1()[pri:0, instance:qaclickacademy.RestAssuredTest@b2c9a9c]" started-at="2022-07-26T16:11:19 IST" name="Retro1" finished-at="2022-07-26T16:11:19 IST" duration-ms="0" status="PASS">
          <reporter-output>
          </reporter-output>
        </test-method> <!-- Retro1 -->
      </class> <!-- qaclickacademy.RestAssuredTest -->
      <class name="qaclickacademy.SeleniumTest">
        <test-method signature="Retro()[pri:0, instance:qaclickacademy.SeleniumTest@4c178a76]" started-at="2022-07-26T16:11:19 IST" name="Retro" finished-at="2022-07-26T16:11:19 IST" duration-ms="0" status="PASS">
          <reporter-output>
          </reporter-output>
        </test-method> <!-- Retro -->
      </class> <!-- qaclickacademy.SeleniumTest -->
    </test> <!-- Command line test -->
  </suite> <!-- Command line suite -->
</testng-results>
