<?xml version="1.0" encoding="UTF-8"?>
<testng-results ignored="0" total="4" passed="4" failed="0" skipped="0">
  <reporter-output>
  </reporter-output>
  <suite started-at="2022-07-26T13:51:02 IST" name="Suite" finished-at="2022-07-26T13:51:02 IST" duration-ms="54">
    <groups>
    </groups>
    <test started-at="2022-07-26T13:51:02 IST" name="Test" finished-at="2022-07-26T13:51:02 IST" duration-ms="54">
      <class name="qaclickacademy.AppiumTest">
        <test-method signature="booster()[pri:0, instance:qaclickacademy.AppiumTest@58695725]" started-at="2022-07-26T13:51:02 IST" name="booster" finished-at="2022-07-26T13:51:02 IST" duration-ms="1" status="PASS">
          <reporter-output>
          </reporter-output>
        </test-method> <!-- booster -->
        <test-method signature="booster1()[pri:0, instance:qaclickacademy.AppiumTest@58695725]" started-at="2022-07-26T13:51:02 IST" name="booster1" finished-at="2022-07-26T13:51:02 IST" duration-ms="1" status="PASS">
          <reporter-output>
          </reporter-output>
        </test-method> <!-- booster1 -->
      </class> <!-- qaclickacademy.AppiumTest -->
      <class name="qaclickacademy.RestAssuredTest">
        <test-method signature="Retro1()[pri:0, instance:qaclickacademy.RestAssuredTest@3232a28a]" started-at="2022-07-26T13:51:02 IST" name="Retro1" finished-at="2022-07-26T13:51:02 IST" duration-ms="7" status="PASS">
          <reporter-output>
          </reporter-output>
        </test-method> <!-- Retro1 -->
      </class> <!-- qaclickacademy.RestAssuredTest -->
      <class name="qaclickacademy.SeleniumTest">
        <test-method signature="Retro()[pri:0, instance:qaclickacademy.SeleniumTest@543588e6]" started-at="2022-07-26T13:51:02 IST" name="Retro" finished-at="2022-07-26T13:51:02 IST" duration-ms="1" status="PASS">
          <reporter-output>
          </reporter-output>
        </test-method> <!-- Retro -->
      </class> <!-- qaclickacademy.SeleniumTest -->
    </test> <!-- Test -->
  </suite> <!-- Suite -->
</testng-results>
